<?xml version="1.0" encoding="UTF-8"?>
<!-- Generated by org.testng.reporters.JUnitReportReporter -->
<testsuite skipped="0" hostname="Paul" name="testrunners.Testrunners" tests="1" failures="0" timestamp="25 Sep 2022 16:43:30 GMT" time="180.074" errors="0">
  <testcase name="feature" time="180.074" classname="testrunners.Testrunners"/>
</testsuite> <!-- testrunners.Testrunners -->
